<?xml version="1.0" encoding="UTF-8" ?>
<testsuite errors="0" failures="2" hostname="vostro-3560" name="pl.com.sbg.PolishFestsHelperTest" skipped="0" tests="2" time="0.08" timestamp="2014-08-19T10:06:36">
  <properties>
[...]
</properties>
  <testcase classname="pl.com.sbg.PolishFestsHelperTest" name="testLeapYearIndicator" time="0.008">
    <failure type="junit.framework.AssertionFailedError">junit.framework.AssertionFailedError
	at pl.com.sbg.PolishFestsHelperTest.testLeapYearIndicator(PolishFestsHelperTest.java:42)
</failure>
  </testcase>
  <testcase classname="pl.com.sbg.PolishFestsHelperTest" name="testNonLeapYearIndicator" time="0.002">
    <failure type="junit.framework.AssertionFailedError">junit.framework.AssertionFailedError
	at pl.com.sbg.PolishFestsHelperTest.testNonLeapYearIndicator(PolishFestsHelperTest.java:50)
</failure>
  </testcase>
  <system-out><![CDATA[]]></system-out>
  <system-err><![CDATA[]]></system-err>
</testsuite>
